<?xml version="1.0" encoding="UTF-8"?>
<testng-results ignored="0" total="1" passed="1" failed="0" skipped="0">
  <reporter-output>
  </reporter-output>
  <suite started-at="2021-05-06T07:56:25 PDT" name="Default suite" finished-at="2021-05-06T07:57:05 PDT" duration-ms="39488">
    <groups>
    </groups>
    <test started-at="2021-05-06T07:56:25 PDT" name="Default test" finished-at="2021-05-06T07:57:05 PDT" duration-ms="39488">
      <class name="com.comcast.crm.productTest.TC_15_DeletetheProduct">
        <test-method is-config="true" signature="configBS()[pri:0, instance:com.comcast.crm.productTest.TC_15_DeletetheProduct@2e55dd0c]" started-at="2021-05-06T07:56:25 PDT" name="configBS" finished-at="2021-05-06T07:56:25 PDT" duration-ms="16" status="PASS">
          <reporter-output>
          </reporter-output>
        </test-method> <!-- configBS -->
        <test-method is-config="true" signature="configBT()[pri:0, instance:com.comcast.crm.productTest.TC_15_DeletetheProduct@2e55dd0c]" started-at="2021-05-06T07:56:25 PDT" name="configBT" finished-at="2021-05-06T07:56:25 PDT" duration-ms="1" status="PASS">
          <reporter-output>
          </reporter-output>
        </test-method> <!-- configBT -->
        <test-method is-config="true" signature="configBC()[pri:0, instance:com.comcast.crm.productTest.TC_15_DeletetheProduct@2e55dd0c]" started-at="2021-05-06T07:56:25 PDT" name="configBC" finished-at="2021-05-06T07:56:29 PDT" duration-ms="3518" status="PASS">
          <reporter-output>
          </reporter-output>
        </test-method> <!-- configBC -->
        <test-method is-config="true" signature="setUp()[pri:0, instance:com.comcast.crm.productTest.TC_15_DeletetheProduct@2e55dd0c]" started-at="2021-05-06T07:56:29 PDT" name="setUp" finished-at="2021-05-06T07:56:36 PDT" duration-ms="6888" status="PASS">
          <reporter-output>
          </reporter-output>
        </test-method> <!-- setUp -->
        <test-method signature="deleteTheProduct()[pri:0, instance:com.comcast.crm.productTest.TC_15_DeletetheProduct@2e55dd0c]" started-at="2021-05-06T07:56:36 PDT" name="deleteTheProduct" finished-at="2021-05-06T07:57:02 PDT" duration-ms="25877" status="PASS">
          <reporter-output>
          </reporter-output>
        </test-method> <!-- deleteTheProduct -->
        <test-method is-config="true" signature="tearDown()[pri:0, instance:com.comcast.crm.productTest.TC_15_DeletetheProduct@2e55dd0c]" started-at="2021-05-06T07:57:02 PDT" name="tearDown" finished-at="2021-05-06T07:57:04 PDT" duration-ms="1847" status="PASS">
          <reporter-output>
          </reporter-output>
        </test-method> <!-- tearDown -->
        <test-method is-config="true" signature="configAC()[pri:0, instance:com.comcast.crm.productTest.TC_15_DeletetheProduct@2e55dd0c]" started-at="2021-05-06T07:57:04 PDT" name="configAC" finished-at="2021-05-06T07:57:05 PDT" duration-ms="1285" status="PASS">
          <reporter-output>
          </reporter-output>
        </test-method> <!-- configAC -->
        <test-method is-config="true" signature="configAT()[pri:0, instance:com.comcast.crm.productTest.TC_15_DeletetheProduct@2e55dd0c]" started-at="2021-05-06T07:57:05 PDT" name="configAT" finished-at="2021-05-06T07:57:05 PDT" duration-ms="0" status="PASS">
          <reporter-output>
          </reporter-output>
        </test-method> <!-- configAT -->
        <test-method is-config="true" signature="configAS()[pri:0, instance:com.comcast.crm.productTest.TC_15_DeletetheProduct@2e55dd0c]" started-at="2021-05-06T07:57:05 PDT" name="configAS" finished-at="2021-05-06T07:57:05 PDT" duration-ms="0" status="PASS">
          <reporter-output>
          </reporter-output>
        </test-method> <!-- configAS -->
      </class> <!-- com.comcast.crm.productTest.TC_15_DeletetheProduct -->
    </test> <!-- Default test -->
  </suite> <!-- Default suite -->
</testng-results>
