<?xml version="1.0" encoding="UTF-8"?>
<!-- Generated by org.testng.reporters.JUnitXMLReporter -->
<testsuite ignored="16" hostname="DESKTOP-27LSRJB" failures="0" tests="7" name="Test" time="361.597" errors="0" timestamp="2021-05-05T22:13:01 PDT">
  <testcase classname="com.comcast.crm.productTest.TC_11_SearchProduct_byQtyUnit_Test" name="createProduct" time="31.018"/>
  <testcase classname="com.comcast.crm.productTest.TC_11_SearchProduct_byQtyUnit_Test" name="searchProductByQty" time="25.098"/>
  <testcase classname="com.comcast.crm.productTest.TC_12_SearchProduct_byQtyinStock_Test" name="createProduct" time="24.483"/>
  <testcase classname="com.comcast.crm.productTest.TC_12_SearchProduct_byQtyinStock_Test" name="searchProductByQty_unit" time="24.341"/>
  <testcase classname="com.comcast.crm.productTest.TC_13_SearchProduct_by_UnitPrice" name="searchProduct_ByUnitPrice" time="28.848"/>
  <testcase classname="com.comcast.crm.productTest.TC_14_SearchProduct_by_AlphabetSearch" name="searchProduct_byAlphabetSearch" time="33.624"/>
  <testcase classname="com.comcast.crm.productTest.TC_15_DeletetheProduct" name="deleteTheProduct" time="32.981"/>
  <testcase classname="com.crm.VtigerGenericUtils.BaseClass" name="@BeforeSuite configBS" time="0.0">
    <ignored/>
  </testcase> <!-- @BeforeSuite configBS -->
  <testcase classname="com.crm.VtigerGenericUtils.BaseClass" name="@BeforeSuite configBS" time="0.0">
    <ignored/>
  </testcase> <!-- @BeforeSuite configBS -->
  <testcase classname="com.crm.VtigerGenericUtils.BaseClass" name="@BeforeSuite configBS" time="0.0">
    <ignored/>
  </testcase> <!-- @BeforeSuite configBS -->
  <testcase classname="com.crm.VtigerGenericUtils.BaseClass" name="@BeforeSuite configBS" time="0.0">
    <ignored/>
  </testcase> <!-- @BeforeSuite configBS -->
  <testcase classname="com.crm.VtigerGenericUtils.BaseClass" name="@BeforeTest configBT" time="0.0">
    <ignored/>
  </testcase> <!-- @BeforeTest configBT -->
  <testcase classname="com.crm.VtigerGenericUtils.BaseClass" name="@BeforeTest configBT" time="0.0">
    <ignored/>
  </testcase> <!-- @BeforeTest configBT -->
  <testcase classname="com.crm.VtigerGenericUtils.BaseClass" name="@BeforeTest configBT" time="0.0">
    <ignored/>
  </testcase> <!-- @BeforeTest configBT -->
  <testcase classname="com.crm.VtigerGenericUtils.BaseClass" name="@BeforeTest configBT" time="0.0">
    <ignored/>
  </testcase> <!-- @BeforeTest configBT -->
  <testcase classname="com.crm.VtigerGenericUtils.BaseClass" name="@AfterSuite configAS" time="0.0">
    <ignored/>
  </testcase> <!-- @AfterSuite configAS -->
  <testcase classname="com.crm.VtigerGenericUtils.BaseClass" name="@AfterSuite configAS" time="0.0">
    <ignored/>
  </testcase> <!-- @AfterSuite configAS -->
  <testcase classname="com.crm.VtigerGenericUtils.BaseClass" name="@AfterSuite configAS" time="0.0">
    <ignored/>
  </testcase> <!-- @AfterSuite configAS -->
  <testcase classname="com.crm.VtigerGenericUtils.BaseClass" name="@AfterSuite configAS" time="0.0">
    <ignored/>
  </testcase> <!-- @AfterSuite configAS -->
  <testcase classname="com.crm.VtigerGenericUtils.BaseClass" name="@AfterTest configAT" time="0.0">
    <ignored/>
  </testcase> <!-- @AfterTest configAT -->
  <testcase classname="com.crm.VtigerGenericUtils.BaseClass" name="@AfterTest configAT" time="0.0">
    <ignored/>
  </testcase> <!-- @AfterTest configAT -->
  <testcase classname="com.crm.VtigerGenericUtils.BaseClass" name="@AfterTest configAT" time="0.0">
    <ignored/>
  </testcase> <!-- @AfterTest configAT -->
  <testcase classname="com.crm.VtigerGenericUtils.BaseClass" name="@AfterTest configAT" time="0.0">
    <ignored/>
  </testcase> <!-- @AfterTest configAT -->
</testsuite> <!-- Test -->
